{"/home/helio/workspace/helio-arch/helio-ms-crypto/src/application/usecase/GenerateKeyPair.ts": {"path":"/home/helio/workspace/helio-arch/helio-ms-crypto/src/application/usecase/GenerateKeyPair.ts","statementMap":{"0":{"start":{"line":1,"column":0},"end":{"line":1,"column":46}},"1":{"start":{"line":6,"column":25},"end":{"line":6,"column":59}},"2":{"start":{"line":9,"column":23},"end":{"line":9,"column":38}},"3":{"start":{"line":10,"column":8},"end":{"line":10,"column":null}},"4":{"start":{"line":11,"column":8},"end":{"line":13,"column":10}},"5":{"start":{"line":4,"column":0},"end":{"line":4,"column":21}}},"fnMap":{"0":{"name":"(anonymous_1)","decl":{"start":{"line":6,"column":4},"end":{"line":6,"column":25}},"loc":{"start":{"line":6,"column":59},"end":{"line":6,"column":63}}},"1":{"name":"(anonymous_2)","decl":{"start":{"line":8,"column":4},"end":{"line":8,"column":9}},"loc":{"start":{"line":8,"column":17},"end":{"line":14,"column":5}}}},"branchMap":{},"s":{"0":2,"1":5,"2":5,"3":5,"4":4,"5":2},"f":{"0":5,"1":5},"b":{}}
,"/home/helio/workspace/helio-arch/helio-ms-crypto/src/application/usecase/GetKey.ts": {"path":"/home/helio/workspace/helio-arch/helio-ms-crypto/src/application/usecase/GetKey.ts","statementMap":{"0":{"start":{"line":6,"column":25},"end":{"line":6,"column":53}},"1":{"start":{"line":9,"column":33},"end":{"line":9,"column":76}},"2":{"start":{"line":10,"column":8},"end":{"line":12,"column":null}},"3":{"start":{"line":4,"column":0},"end":{"line":4,"column":21}}},"fnMap":{"0":{"name":"(anonymous_0)","decl":{"start":{"line":6,"column":4},"end":{"line":6,"column":25}},"loc":{"start":{"line":6,"column":53},"end":{"line":6,"column":57}}},"1":{"name":"(anonymous_1)","decl":{"start":{"line":8,"column":4},"end":{"line":8,"column":9}},"loc":{"start":{"line":8,"column":30},"end":{"line":13,"column":5}}}},"branchMap":{"0":{"loc":{"start":{"line":11,"column":37},"end":{"line":11,"column":76}},"type":"binary-expr","locations":[{"start":{"line":11,"column":37},"end":{"line":11,"column":54}},{"start":{"line":11,"column":58},"end":{"line":11,"column":76}}]}},"s":{"0":3,"1":3,"2":2,"3":1},"f":{"0":3,"1":3},"b":{"0":[2,1]}}
,"/home/helio/workspace/helio-arch/helio-ms-crypto/src/domain/entity/Crypto.ts": {"path":"/home/helio/workspace/helio-arch/helio-ms-crypto/src/domain/entity/Crypto.ts","statementMap":{"0":{"start":{"line":1,"column":0},"end":{"line":1,"column":70}},"1":{"start":{"line":2,"column":0},"end":{"line":2,"column":32}},"2":{"start":{"line":3,"column":0},"end":{"line":3,"column":31}},"3":{"start":{"line":9,"column":25},"end":{"line":9,"column":42}},"4":{"start":{"line":9,"column":53},"end":{"line":9,"column":71}},"5":{"start":{"line":10,"column":8},"end":{"line":10,"column":null}},"6":{"start":{"line":14,"column":8},"end":{"line":21,"column":null}},"7":{"start":{"line":15,"column":40},"end":{"line":15,"column":68}},"8":{"start":{"line":16,"column":46},"end":{"line":16,"column":134}},"9":{"start":{"line":17,"column":12},"end":{"line":17,"column":null}},"10":{"start":{"line":19,"column":12},"end":{"line":19,"column":null}},"11":{"start":{"line":20,"column":12},"end":{"line":20,"column":null}},"12":{"start":{"line":5,"column":0},"end":{"line":5,"column":21}}},"fnMap":{"0":{"name":"(anonymous_1)","decl":{"start":{"line":9,"column":4},"end":{"line":9,"column":25}},"loc":{"start":{"line":9,"column":71},"end":{"line":11,"column":5}}},"1":{"name":"(anonymous_2)","decl":{"start":{"line":13,"column":4},"end":{"line":13,"column":10}},"loc":{"start":{"line":13,"column":17},"end":{"line":22,"column":5}}}},"branchMap":{},"s":{"0":2,"1":2,"2":2,"3":5,"4":5,"5":5,"6":5,"7":5,"8":5,"9":5,"10":0,"11":0,"12":2},"f":{"0":5,"1":5},"b":{}}
,"/home/helio/workspace/helio-arch/helio-ms-crypto/src/domain/entity/KeyPair.ts": {"path":"/home/helio/workspace/helio-arch/helio-ms-crypto/src/domain/entity/KeyPair.ts","statementMap":{"0":{"start":{"line":7,"column":8},"end":{"line":8,"column":null}},"1":{"start":{"line":8,"column":12},"end":{"line":8,"column":null}},"2":{"start":{"line":10,"column":8},"end":{"line":10,"column":null}},"3":{"start":{"line":11,"column":8},"end":{"line":11,"column":null}},"4":{"start":{"line":15,"column":28},"end":{"line":15,"column":112}},"5":{"start":{"line":16,"column":8},"end":{"line":16,"column":37}},"6":{"start":{"line":1,"column":0},"end":{"line":1,"column":21}}},"fnMap":{"0":{"name":"(anonymous_0)","decl":{"start":{"line":6,"column":4},"end":{"line":6,"column":16}},"loc":{"start":{"line":6,"column":53},"end":{"line":12,"column":5}}},"1":{"name":"(anonymous_1)","decl":{"start":{"line":14,"column":4},"end":{"line":14,"column":12}},"loc":{"start":{"line":14,"column":24},"end":{"line":17,"column":5}}}},"branchMap":{"0":{"loc":{"start":{"line":7,"column":8},"end":{"line":8,"column":null}},"type":"if","locations":[{"start":{"line":7,"column":8},"end":{"line":8,"column":null}}]},"1":{"loc":{"start":{"line":7,"column":12},"end":{"line":7,"column":94}},"type":"binary-expr","locations":[{"start":{"line":7,"column":12},"end":{"line":7,"column":21}},{"start":{"line":7,"column":25},"end":{"line":7,"column":50}},{"start":{"line":7,"column":54},"end":{"line":7,"column":64}},{"start":{"line":7,"column":68},"end":{"line":7,"column":94}}]}},"s":{"0":9,"1":0,"2":9,"3":9,"4":14,"5":14,"6":3},"f":{"0":9,"1":14},"b":{"0":[0],"1":[9,7,9,7]}}
,"/home/helio/workspace/helio-arch/helio-ms-crypto/src/domain/value-object/EncryptionAlgorithm.ts": {"path":"/home/helio/workspace/helio-arch/helio-ms-crypto/src/domain/value-object/EncryptionAlgorithm.ts","statementMap":{"0":{"start":{"line":5,"column":56},"end":{"line":15,"column":null}},"1":{"start":{"line":23,"column":8},"end":{"line":23,"column":28}},"2":{"start":{"line":24,"column":8},"end":{"line":24,"column":31}},"3":{"start":{"line":28,"column":8},"end":{"line":28,"column":null}},"4":{"start":{"line":17,"column":0},"end":{"line":17,"column":21}}},"fnMap":{"0":{"name":"(anonymous_0)","decl":{"start":{"line":22,"column":4},"end":{"line":22,"column":16}},"loc":{"start":{"line":22,"column":71},"end":{"line":25,"column":5}}},"1":{"name":"(anonymous_1)","decl":{"start":{"line":27,"column":4},"end":{"line":27,"column":10}},"loc":{"start":{"line":27,"column":17},"end":{"line":29,"column":5}}}},"branchMap":{},"s":{"0":2,"1":5,"2":5,"3":5,"4":2},"f":{"0":5,"1":5},"b":{}}
,"/home/helio/workspace/helio-arch/helio-ms-crypto/src/infra/repository/CryptoRepositoryFileSystem.ts": {"path":"/home/helio/workspace/helio-arch/helio-ms-crypto/src/infra/repository/CryptoRepositoryFileSystem.ts","statementMap":{"0":{"start":{"line":1,"column":0},"end":{"line":1,"column":49}},"1":{"start":{"line":3,"column":0},"end":{"line":3,"column":38}},"2":{"start":{"line":5,"column":24},"end":{"line":5,"column":32}},"3":{"start":{"line":6,"column":24},"end":{"line":6,"column":59}},"4":{"start":{"line":7,"column":25},"end":{"line":7,"column":61}},"5":{"start":{"line":9,"column":33},"end":{"line":11,"column":1}},"6":{"start":{"line":10,"column":4},"end":{"line":10,"column":null}},"7":{"start":{"line":21,"column":8},"end":{"line":22,"column":null}},"8":{"start":{"line":22,"column":12},"end":{"line":22,"column":null}},"9":{"start":{"line":24,"column":8},"end":{"line":31,"column":null}},"10":{"start":{"line":25,"column":12},"end":{"line":25,"column":null}},"11":{"start":{"line":26,"column":12},"end":{"line":26,"column":73}},"12":{"start":{"line":27,"column":12},"end":{"line":27,"column":75}},"13":{"start":{"line":29,"column":12},"end":{"line":29,"column":null}},"14":{"start":{"line":30,"column":12},"end":{"line":30,"column":null}},"15":{"start":{"line":35,"column":8},"end":{"line":36,"column":null}},"16":{"start":{"line":36,"column":12},"end":{"line":36,"column":null}},"17":{"start":{"line":38,"column":24},"end":{"line":38,"column":60}},"18":{"start":{"line":40,"column":8},"end":{"line":52,"column":null}},"19":{"start":{"line":41,"column":26},"end":{"line":41,"column":66}},"20":{"start":{"line":42,"column":28},"end":{"line":42,"column":30}},"21":{"start":{"line":43,"column":29},"end":{"line":43,"column":31}},"22":{"start":{"line":45,"column":12},"end":{"line":46,"column":38}},"23":{"start":{"line":45,"column":41},"end":{"line":45,"column":61}},"24":{"start":{"line":46,"column":17},"end":{"line":46,"column":38}},"25":{"start":{"line":48,"column":12},"end":{"line":48,"column":null}},"26":{"start":{"line":50,"column":12},"end":{"line":50,"column":null}},"27":{"start":{"line":51,"column":12},"end":{"line":51,"column":110}},"28":{"start":{"line":15,"column":0},"end":{"line":15,"column":21}}},"fnMap":{"0":{"name":"(anonymous_7)","decl":{"start":{"line":9,"column":33},"end":{"line":9,"column":45}},"loc":{"start":{"line":9,"column":47},"end":{"line":11,"column":1}}},"1":{"name":"(anonymous_8)","decl":{"start":{"line":17,"column":4},"end":{"line":17,"column":null}},"loc":{"start":{"line":17,"column":4},"end":{"line":18,"column":5}}},"2":{"name":"(anonymous_9)","decl":{"start":{"line":20,"column":4},"end":{"line":20,"column":9}},"loc":{"start":{"line":20,"column":31},"end":{"line":32,"column":5}}},"3":{"name":"(anonymous_10)","decl":{"start":{"line":34,"column":4},"end":{"line":34,"column":9}},"loc":{"start":{"line":34,"column":30},"end":{"line":53,"column":5}}}},"branchMap":{"0":{"loc":{"start":{"line":10,"column":11},"end":{"line":10,"column":92}},"type":"binary-expr","locations":[{"start":{"line":10,"column":11},"end":{"line":10,"column":49}},{"start":{"line":10,"column":53},"end":{"line":10,"column":92}}]},"1":{"loc":{"start":{"line":21,"column":8},"end":{"line":22,"column":null}},"type":"if","locations":[{"start":{"line":21,"column":8},"end":{"line":22,"column":null}}]},"2":{"loc":{"start":{"line":35,"column":8},"end":{"line":36,"column":null}},"type":"if","locations":[{"start":{"line":35,"column":8},"end":{"line":36,"column":null}}]},"3":{"loc":{"start":{"line":45,"column":12},"end":{"line":46,"column":38}},"type":"if","locations":[{"start":{"line":45,"column":12},"end":{"line":46,"column":38}},{"start":{"line":46,"column":17},"end":{"line":46,"column":38}}]}},"s":{"0":3,"1":3,"2":3,"3":3,"4":3,"5":3,"6":12,"7":5,"8":1,"9":4,"10":4,"11":4,"12":4,"13":0,"14":0,"15":7,"16":2,"17":5,"18":5,"19":5,"20":4,"21":4,"22":4,"23":2,"24":2,"25":4,"26":1,"27":1,"28":3},"f":{"0":12,"1":9,"2":5,"3":7},"b":{"0":[12,6],"1":[1],"2":[2],"3":[2,2]}}
,"/home/helio/workspace/helio-arch/helio-ms-crypto/tests/utils/FileSystemHelper.ts": {"path":"/home/helio/workspace/helio-arch/helio-ms-crypto/tests/utils/FileSystemHelper.ts","statementMap":{"0":{"start":{"line":1,"column":0},"end":{"line":1,"column":33}},"1":{"start":{"line":3,"column":28},"end":{"line":5,"column":1}},"2":{"start":{"line":4,"column":4},"end":{"line":4,"column":null}},"3":{"start":{"line":3,"column":13},"end":{"line":3,"column":28}}},"fnMap":{"0":{"name":"(anonymous_6)","decl":{"start":{"line":3,"column":28},"end":{"line":3,"column":29}},"loc":{"start":{"line":3,"column":45},"end":{"line":5,"column":1}}}},"branchMap":{},"s":{"0":3,"1":3,"2":9,"3":3},"f":{"0":9},"b":{}}
,"/home/helio/workspace/helio-arch/helio-ms-crypto/tests/utils/KeyPair.constants.ts": {"path":"/home/helio/workspace/helio-arch/helio-ms-crypto/tests/utils/KeyPair.constants.ts","statementMap":{"0":{"start":{"line":1,"column":13},"end":{"line":6,"column":26}},"1":{"start":{"line":8,"column":13},"end":{"line":23,"column":27}}},"fnMap":{},"branchMap":{},"s":{"0":1,"1":1},"f":{},"b":{}}
}
