TN:
SF:src/application/usecase/GenerateKeyPair.ts
FN:6,(anonymous_1)
FN:8,(anonymous_2)
FNF:2
FNH:2
FNDA:5,(anonymous_1)
FNDA:5,(anonymous_2)
DA:1,2
DA:4,2
DA:6,5
DA:9,5
DA:10,5
DA:11,4
LF:6
LH:6
BRF:0
BRH:0
end_of_record
TN:
SF:src/application/usecase/GetKey.ts
FN:6,(anonymous_0)
FN:8,(anonymous_1)
FNF:2
FNH:2
FNDA:3,(anonymous_0)
FNDA:3,(anonymous_1)
DA:4,1
DA:6,3
DA:9,3
DA:10,2
LF:4
LH:4
BRDA:11,0,0,2
BRDA:11,0,1,1
BRF:2
BRH:2
end_of_record
TN:
SF:src/domain/entity/Crypto.ts
FN:9,(anonymous_1)
FN:13,(anonymous_2)
FNF:2
FNH:2
FNDA:5,(anonymous_1)
FNDA:5,(anonymous_2)
DA:1,2
DA:2,2
DA:3,2
DA:5,2
DA:9,5
DA:10,5
DA:14,5
DA:15,5
DA:16,5
DA:17,5
DA:19,0
DA:20,0
LF:12
LH:10
BRF:0
BRH:0
end_of_record
TN:
SF:src/domain/entity/KeyPair.ts
FN:6,(anonymous_0)
FN:14,(anonymous_1)
FNF:2
FNH:2
FNDA:9,(anonymous_0)
FNDA:14,(anonymous_1)
DA:1,3
DA:7,9
DA:8,0
DA:10,9
DA:11,9
DA:15,14
DA:16,14
LF:7
LH:6
BRDA:7,0,0,0
BRDA:7,1,0,9
BRDA:7,1,1,7
BRDA:7,1,2,9
BRDA:7,1,3,7
BRF:5
BRH:4
end_of_record
TN:
SF:src/domain/value-object/EncryptionAlgorithm.ts
FN:22,(anonymous_0)
FN:27,(anonymous_1)
FNF:2
FNH:2
FNDA:5,(anonymous_0)
FNDA:5,(anonymous_1)
DA:5,2
DA:17,2
DA:23,5
DA:24,5
DA:28,5
LF:5
LH:5
BRF:0
BRH:0
end_of_record
TN:
SF:src/infra/repository/CryptoRepositoryFileSystem.ts
FN:9,(anonymous_7)
FN:17,(anonymous_8)
FN:20,(anonymous_9)
FN:34,(anonymous_10)
FNF:4
FNH:4
FNDA:12,(anonymous_7)
FNDA:9,(anonymous_8)
FNDA:5,(anonymous_9)
FNDA:7,(anonymous_10)
DA:1,3
DA:3,3
DA:5,3
DA:6,3
DA:7,3
DA:9,3
DA:10,12
DA:15,3
DA:21,5
DA:22,1
DA:24,4
DA:25,4
DA:26,4
DA:27,4
DA:29,0
DA:30,0
DA:35,7
DA:36,2
DA:38,5
DA:40,5
DA:41,5
DA:42,4
DA:43,4
DA:45,4
DA:46,2
DA:48,4
DA:50,1
DA:51,1
LF:28
LH:26
BRDA:10,0,0,12
BRDA:10,0,1,6
BRDA:21,1,0,1
BRDA:35,2,0,2
BRDA:45,3,0,2
BRDA:45,3,1,2
BRF:6
BRH:6
end_of_record
TN:
SF:tests/utils/FileSystemHelper.ts
FN:3,(anonymous_6)
FNF:1
FNH:1
FNDA:9,(anonymous_6)
DA:1,3
DA:3,3
DA:4,9
LF:3
LH:3
BRF:0
BRH:0
end_of_record
TN:
SF:tests/utils/KeyPair.constants.ts
FNF:0
FNH:0
DA:1,1
DA:8,1
LF:2
LH:2
BRF:0
BRH:0
end_of_record
